Using pre-set license
Built from '2020.3/release' branch; Version is '2020.3.12f1 (b3b2c6512326) revision 11776710'; Using compiler version '192528614'; Build Type 'Release'
OS: 'Windows 10 Home; OS build 19043.1110; Version 2009; 64bit' Language: 'fr' Physical Memory: 16198 MB
BatchMode: 1, IsHumanControllingUs: 0, StartBugReporterOnCrash: 0, Is64bit: 1, IsPro: 0

 COMMAND LINE ARGUMENTS:
C:\Program Files\Unity\Hub\Editor\2020.3.12f1\Editor\Unity.exe
-adb2
-batchMode
-noUpm
-name
AssetImportWorker0
-projectPath
C:/Users/Shiva/Projet-Semestriel 1
-logFile
Logs/AssetImportWorker0.log
-srvPort
49576
Successfully changed project path to: C:/Users/Shiva/Projet-Semestriel 1
C:/Users/Shiva/Projet-Semestriel 1
Using Asset Import Pipeline V2.
Refreshing native plugins compatible for Editor in 63.41 ms, found 3 plugins.
Preloading 0 native plugins for Editor in 0.00 ms.
Initialize engine version: 2020.3.12f1 (b3b2c6512326)
[Subsystems] Discovering subsystems at path C:/Program Files/Unity/Hub/Editor/2020.3.12f1/Editor/Data/Resources/UnitySubsystems
[Subsystems] Discovering subsystems at path C:/Users/Shiva/Projet-Semestriel 1/Assets
GfxDevice: creating device client; threaded=0
Direct3D:
    Version:  Direct3D 11.0 [level 11.1]
    Renderer: NVIDIA GeForce RTX 2070 (ID=0x1f14)
    Vendor:   
    VRAM:     8031 MB
    Driver:   27.21.14.6611
Shader 'Universal Render Pipeline/Particles/Lit': fallback shader 'Universal Render Pipeline/Particles/SimpleLit' not found
Initialize mono
Mono path[0] = 'C:/Program Files/Unity/Hub/Editor/2020.3.12f1/Editor/Data/Managed'
Mono path[1] = 'C:/Program Files/Unity/Hub/Editor/2020.3.12f1/Editor/Data/MonoBleedingEdge/lib/mono/unityjit'
Mono config path = 'C:/Program Files/Unity/Hub/Editor/2020.3.12f1/Editor/Data/MonoBleedingEdge/etc'
Using monoOptions --debugger-agent=transport=dt_socket,embedding=1,server=y,suspend=n,address=127.0.0.1:56996
Begin MonoManager ReloadAssembly
Registering precompiled unity dll's ...
Register platform support module: C:/Program Files/Unity/Hub/Editor/2020.3.12f1/Editor/Data/PlaybackEngines/WindowsStandaloneSupport/UnityEditor.WindowsStandalone.Extensions.dll
Registered in 0.001857 seconds.
Native extension for WindowsStandalone target not found
Refreshing native plugins compatible for Editor in 65.00 ms, found 3 plugins.
Preloading 0 native plugins for Editor in 0.00 ms.
Mono: successfully reloaded assembly
- Completed reload, in  0.945 seconds
Platform modules already initialized, skipping
Registering precompiled user dll's ...
Registered in 0.004075 seconds.
Begin MonoManager ReloadAssembly
Native extension for WindowsStandalone target not found
Refreshing native plugins compatible for Editor in 58.60 ms, found 3 plugins.
Preloading 0 native plugins for Editor in 0.00 ms.
Mono: successfully reloaded assembly
- Completed reload, in  1.153 seconds
Platform modules already initialized, skipping
========================================================================
Worker process is ready to serve import requests
Shader 'Universal Render Pipeline/Particles/Lit': fallback shader 'Universal Render Pipeline/Particles/SimpleLit' not found
Launched and connected shader compiler UnityShaderCompiler.exe after 0.04 seconds
Refreshing native plugins compatible for Editor in 0.69 ms, found 3 plugins.
Preloading 0 native plugins for Editor in 0.00 ms.
Unloading 3177 Unused Serialized files (Serialized files now loaded: 0)
System memory in use before: 133.6 MB.
System memory in use after: 133.8 MB.

Unloading 29 unused Assets to reduce memory usage. Loaded Objects now: 3615.
Total: 2.916800 ms (FindLiveObjects: 0.331000 ms CreateObjectMapping: 0.240900 ms MarkObjects: 2.272400 ms  DeleteObjects: 0.071500 ms)

AssetImportParameters requested are different than current active one (requested -> active):
  custom:framework-win-MediaFoundation: 216162199b28c13a410421893ffa2e32 -> 
  custom:video-decoder-ogg-theora: a1e56fd34408186e4bbccfd4996cb3dc -> 
  custom:container-muxer-webm: aa71ff27fc2769a1b78a27578f13a17b -> 
  custom:container-demuxer-webm: 4f35f7cbe854078d1ac9338744f61a02 -> 
  custom:container-demuxer-ogg: 62fdf1f143b41e24485cea50d1cbac27 -> 
  custom:video-encoder-webm-vp8: eb34c28f22e8b96e1ab97ce403110664 -> 
  custom:video-decoder-webm-vp8: 9c59270c3fd7afecdb556c50c9e8de78 -> 
  custom:audio-decoder-ogg-vorbis: bf7c407c2cedff20999df2af8eb42d56 -> 
  custom:audio-encoder-webm-vorbis: bf7c407c2cedff20999df2af8eb42d56 -> 
========================================================================
Received Import Request.
  path: Assets/test2.png
  artifactKey: Guid(69c312bacdf2a0148927578469ccb8df) Importer(815301076,1909f56bfc062723c751e8b465ee728b)
Start importing Assets/test2.png using Guid(69c312bacdf2a0148927578469ccb8df) Importer(815301076,1909f56bfc062723c751e8b465ee728b)  -> (artifact id: 'e5230043d4893d84aa5e70187aeaf779') in 0.089884 seconds 
  Import took 0.094621 seconds .

========================================================================
Received Import Request.
  Time since last request: 0.000293 seconds.
  path: Assets/tile1.png
  artifactKey: Guid(5d812f3e04490634ebc16e391f85c90d) Importer(815301076,1909f56bfc062723c751e8b465ee728b)
Start importing Assets/tile1.png using Guid(5d812f3e04490634ebc16e391f85c90d) Importer(815301076,1909f56bfc062723c751e8b465ee728b)  -> (artifact id: '36f19c4a9cbb51ffb346548555f69917') in 0.010723 seconds 
  Import took 0.015567 seconds .

========================================================================
Received Import Request.
  Time since last request: 0.000169 seconds.
  path: Assets/char test.png
  artifactKey: Guid(76f8b465eb595664d97e3da17b6e657e) Importer(815301076,1909f56bfc062723c751e8b465ee728b)
Start importing Assets/char test.png using Guid(76f8b465eb595664d97e3da17b6e657e) Importer(815301076,1909f56bfc062723c751e8b465ee728b)  -> (artifact id: '5c4423eaf8c263c4713d5cd42030a688') in 0.011000 seconds 
  Import took 0.016433 seconds .

========================================================================
Received Import Request.
  Time since last request: 10697.369117 seconds.
  path: Assets/test_mouv_1.cs
  artifactKey: Guid(268872d6c3047204cbadc68987922293) Importer(815301076,1909f56bfc062723c751e8b465ee728b)
Start importing Assets/test_mouv_1.cs using Guid(268872d6c3047204cbadc68987922293) Importer(815301076,1909f56bfc062723c751e8b465ee728b)  -> (artifact id: 'edbf96eb930e17af8e9d9e065267e4b9') in 0.010710 seconds 
  Import took 0.079993 seconds .

========================================================================
Received Import Request.
  Time since last request: 402.086602 seconds.
  path: Assets/Moveset_test.cs
  artifactKey: Guid(0f0c9b2f59745f748951086227edcacd) Importer(815301076,1909f56bfc062723c751e8b465ee728b)
Start importing Assets/Moveset_test.cs using Guid(0f0c9b2f59745f748951086227edcacd) Importer(815301076,1909f56bfc062723c751e8b465ee728b)  -> (artifact id: 'e49747fca7097eb362bd7116a2ed5d41') in 0.005964 seconds 
  Import took 0.012137 seconds .

AssetImportWorkerClient::OnTransportError - code=2 error=End of file
